<?xml version="1.0" encoding="UTF-8"?>
<!-- Generated by org.testng.reporters.JUnitReportReporter -->
<testsuite skipped="0" hostname="Veera" name="org.jdbc.Jdbc" tests="1" failures="0" timestamp="08 Apr 2021 05:31:10 GMT" time="0.457" errors="0">
  <testcase name="getEmployeesFromDataBase" time="0.457" classname="org.jdbc.Jdbc"/>
</testsuite> <!-- org.jdbc.Jdbc -->
